Name                                      Stmts   Miss  Cover
-------------------------------------------------------------
enbasics/__init__.py                         11      0   100%
enbasics/badges/__init__.py                   3      0   100%
enbasics/badges/badges.py                    53      0   100%
enbasics/badges/common.py                     2      0   100%
enbasics/badges/test/__init__.py              2      0   100%
enbasics/badges/test/test_badges.py          36      0   100%
enbasics/execution/__init__.py                0      0   100%
enbasics/execution/badges.py                 18      0   100%
enbasics/execution/test/__init__.py           0      0   100%
enbasics/execution/test/test_badges.py        4      0   100%
enbasics/makefile/__init__.py                 4      0   100%
enbasics/makefile/makefile.py                44      0   100%
enbasics/makefile/test/__init__.py            2      0   100%
enbasics/makefile/test/test_makefile.py      34      0   100%
-------------------------------------------------------------
TOTAL                                       213      0   100%
