>>> make pytest
  ● Executing pytest in enbasics..
============================= test session starts ==============================
platform linux -- Python 3.12.13, pytest-9.0.3, pluggy-1.6.0 -- /home/runner/work/enbasics/enbasics/main/.venv-package/bin/python3
cachedir: .pytest_cache
Using --randomly-seed=905720647
rootdir: /home/runner/work/enbasics/enbasics/main
configfile: pyproject.toml
plugins: clarity-1.0.1, randomly-4.1.0, sphinx-0.7.1, cov-7.1.0, xdist-3.8.0
created: 4/4 workers
4 workers [6 items]

scheduling tests via LoadScheduling

enbasics/execution/test/test_badges.py::test_arguments 
enbasics/makefile/test/test_makefile.py::test_makeout 
enbasics/makefile/test/test_makefile.py::test_makefile 
enbasics/makefile/test/test_makefile.py::test_makefile_cover 
[gw0] [ 16%] PASSED enbasics/execution/test/test_badges.py::test_arguments 
[gw3] [ 33%] PASSED enbasics/makefile/test/test_makefile.py::test_makeout 
enbasics/badges/test/test_badges.py::test_Badge 
[gw1] [ 50%] PASSED enbasics/makefile/test/test_makefile.py::test_makefile 
enbasics/badges/test/test_badges.py::test_Badge_cover 
[gw2] [ 66%] PASSED enbasics/makefile/test/test_makefile.py::test_makefile_cover 
[gw1] [ 83%] PASSED enbasics/badges/test/test_badges.py::test_Badge_cover 
[gw0] [100%] PASSED enbasics/badges/test/test_badges.py::test_Badge 

================================ tests coverage ================================
_______________ coverage: platform linux, python 3.12.13-final-0 _______________

Name                                      Stmts   Miss  Cover
-------------------------------------------------------------
enbasics/__init__.py                         11      0   100%
enbasics/badges/__init__.py                   3      0   100%
enbasics/badges/badges.py                    52      0   100%
enbasics/badges/common.py                     2      0   100%
enbasics/badges/test/__init__.py              2      0   100%
enbasics/badges/test/test_badges.py          36      0   100%
enbasics/execution/__init__.py                0      0   100%
enbasics/execution/badges.py                 18      0   100%
enbasics/execution/test/__init__.py           0      0   100%
enbasics/execution/test/test_badges.py        4      0   100%
enbasics/makefile/__init__.py                 4      0   100%
enbasics/makefile/makefile.py                44      0   100%
enbasics/makefile/test/__init__.py            2      0   100%
enbasics/makefile/test/test_makefile.py      34      0   100%
-------------------------------------------------------------
TOTAL                                       212      0   100%
============================== 6 passed in 5.60s ===============================
    DONE
  ● Write coveragepy output to htmlcov..
    DONE
  ● Write coveragepy output to coverage.json..
    DONE
